PLINK v2.0.0-a.7 64-bit (28 Feb 2026)
Options in effect:
  --indep-pairwise 200 1 0.3
  --out results/PRS/3_QC/LD
  --pfile results/PRS/1_snps_extraction/raw_data

Hostname: DESKTOP-Q6KBG6N
Working directory: C:\Users\Zaid\Documents\CSE284_ML4PRS
Start time: Tue Mar 03 01:09:29 2026

Random number seed: 1772528969
11615 MiB RAM detected; reserving 5807 MiB for main workspace.
Using up to 4 compute threads.
4104 samples (0 females, 0 males, 4104 ambiguous; 4104 founders) loaded from
results/PRS/1_snps_extraction/raw_data.psam.
205 variants loaded from results/PRS/1_snps_extraction/raw_data.pvar.
Note: No phenotype data present.
Calculating allele frequencies... done.
--indep-pairwise (3 compute threads): 2/205 variants removed.
Variant lists written to results/PRS/3_QC/LD.prune.in and
results/PRS/3_QC/LD.prune.out .

End time: Tue Mar 03 01:09:29 2026
