PLINK v2.0.0-a.7 64-bit (28 Feb 2026)
Options in effect:
  --alt1-allele results/PRS/4_PRS_calculation/score_final.txt 1 2
  --export A
  --extract results/PRS/3_QC/dataQC.snplist
  --out results/PRS/4_PRS_calculation/effect_allele_counts
  --pfile results/PRS/1_snps_extraction/raw_data

Hostname: DESKTOP-Q6KBG6N
Working directory: C:\Users\Zaid\Documents\CSE284_ML4PRS
Start time: Tue Mar 03 01:52:46 2026

Random number seed: 1772531566
11615 MiB RAM detected; reserving 5807 MiB for main workspace.
Using up to 4 compute threads.
4104 samples (0 females, 0 males, 4104 ambiguous; 4104 founders) loaded from
results/PRS/1_snps_extraction/raw_data.psam.
205 variants loaded from results/PRS/1_snps_extraction/raw_data.pvar.
Note: No phenotype data present.
--extract: 199 variants remaining.
199 variants remaining after main filters.
--alt1-allele: No variants changed.
Warning: 199 variant IDs in --alt1-allele file missing from main dataset.
--export A: results/PRS/4_PRS_calculation/effect_allele_counts.raw written.

End time: Tue Mar 03 01:52:46 2026
