PLINK v2.0.0-a.7 64-bit (28 Feb 2026)
Options in effect:
  --extract results/PRS/3_QC/dataQC.snplist
  --out results/PRS/4_PRS_calculation/PRS
  --pfile results/PRS/1_snps_extraction/raw_data
  --score results/PRS/4_PRS_calculation/score_final.txt no-mean-imputation

Hostname: DESKTOP-Q6KBG6N
Working directory: C:\Users\Zaid\Documents\CSE284_ML4PRS
Start time: Tue Mar 03 01:43:11 2026

Random number seed: 1772530991
11615 MiB RAM detected; reserving 5807 MiB for main workspace.
Using up to 4 compute threads.
4104 samples (0 females, 0 males, 4104 ambiguous; 4104 founders) loaded from
results/PRS/1_snps_extraction/raw_data.psam.
205 variants loaded from results/PRS/1_snps_extraction/raw_data.pvar.
Note: No phenotype data present.
--extract: 199 variants remaining.
199 variants remaining after main filters.
--score: 199 variants processed.
--score: Results written to results/PRS/4_PRS_calculation/PRS.sscore .

End time: Tue Mar 03 01:43:11 2026
